Info in <TUnixSystem::ACLiC>: creating shared library /home/fatemigh/projects/rpp-jillings/fatemigh/sterile/Likelihood/LikelihoodSterile_modified6_C.so
Error: rootcint: failed to rename /home/fatemigh/projects/rpp-jillings/fatemigh/sterile/Likelihood/LikelihoodSterile_modified6_C_ACLiC_dict.cxx_+_+_+rootcinttmp to /home/fatemigh/projects/rpp-jillings/fatemigh/sterile/Likelihood/LikelihoodSterile_modified6_C_ACLiC_dict.cxx in ReplaceBundleInDict()
Error: rootcint: failed to rename /home/fatemigh/projects/rpp-jillings/fatemigh/sterile/Likelihood/LikelihoodSterile_modified6_C_ACLiC_dict.cxx_+_+_+rootcinttmp to /home/fatemigh/projects/rpp-jillings/fatemigh/sterile/Likelihood/LikelihoodSterile_modified6_C_ACLiC_dict.h in ReplaceBundleInDict()
g++: error: /home/fatemigh/projects/rpp-jillings/fatemigh/sterile/Likelihood/LikelihoodSterile_modified6_C_ACLiC_dict.cxx: No such file or directory
g++: fatal error: no input files
compilation terminated.
g++: error: /home/fatemigh/projects/rpp-jillings/fatemigh/sterile/Likelihood/LikelihoodSterile_modified6_C_ACLiC_dict.o: No such file or directory
Error in <ACLiC>: Compilation failed!
Error: Function LikelihoodSterile_modified6(27) is not defined in current scope  :0:
*** Interpreter error recovered ***
