Info in <TUnixSystem::ACLiC>: creating shared library /home/fatemigh/projects/rpp-jillings/fatemigh/sterile/Likelihood/LikelihoodSterile_modified6_C.so
/home/fatemigh/projects/rpp-jillings/fatemigh/sterile/Likelihood/LikelihoodSterile_modified6_C_ACLiC_dict.cxx:17:54: fatal error: LikelihoodSterile_modified6_C_ACLiC_dict.h: No such file or directory
 #include "LikelihoodSterile_modified6_C_ACLiC_dict.h"
                                                      ^
compilation terminated.
g++: error: /home/fatemigh/projects/rpp-jillings/fatemigh/sterile/Likelihood/LikelihoodSterile_modified6_C_ACLiC_dict.o: No such file or directory
Error in <ACLiC>: Compilation failed!
Error: Function LikelihoodSterile_modified6(170) is not defined in current scope  :0:
*** Interpreter error recovered ***
