Info in <TUnixSystem::ACLiC>: creating shared library /home/fatemigh/projects/rpp-jillings/fatemigh/sterile/Likelihood/LikelihoodSterile_modified6_C.so
Warning in <ACLiC>: Failed to generate the dependency file for /home/fatemigh/projects/rpp-jillings/fatemigh/sterile/Likelihood/LikelihoodSterile_modified6_C.so
In file included from /home/fatemigh/projects/rpp-jillings/fatemigh/sterile/Likelihood/LikelihoodSterile_modified6_C_ACLiC_dict.cxx:17:0:
/home/fatemigh/projects/rpp-jillings/fatemigh/sterile/Likelihood/LikelihoodSterile_modified6_C_ACLiC_dict.h:32:34: fatal error: /tmp/rootcint_LqLvr2.h: No such file or directory
 #include "TObject.h"
                                  ^
compilation terminated.
g++: error: /home/fatemigh/projects/rpp-jillings/fatemigh/sterile/Likelihood/LikelihoodSterile_modified6_C_ACLiC_dict.o: No such file or directory
Error in <ACLiC>: Compilation failed!
Error: Function LikelihoodSterile_modified6(3) is not defined in current scope  :0:
*** Interpreter error recovered ***
